2024-11-03 20:14:02,723 [INFO] Activator:176 - 


2024-11-03 20:14:02,728 [INFO] Activator:177 - !SESSION log4j initialized
2024-11-03 20:14:07,225 [INFO] LogOutputStream:77 - [STDOUT_REDIRECT] 
2024-11-03 20:14:09,549 [INFO] ApplicationProperties:184 - Using Application install path: C:\ST\STM32CubeIDE_1.16.0\STM32CubeIDE\plugins\com.st.stm32cube.common.mx_6.12.1.202409122256
2024-11-03 20:14:09,563 [INFO] DbMcusXml:78 - Set database path to: C:\ST\STM32CubeIDE_1.16.0\STM32CubeIDE\plugins\com.st.stm32cube.common.mx_6.12.1.202409122256\\db\/mcu/
2024-11-03 20:14:09,563 [INFO] ApiDb:274 - Set plugin database path to: C:\ST\STM32CubeIDE_1.16.0\STM32CubeIDE\plugins\com.st.stm32cube.common.mx_6.12.1.202409122256\\db\/plugins/boardmanager/
2024-11-03 20:14:09,563 [WARN] ApiDb:259 - Overriding images path with different value:  => C:\ST\STM32CubeIDE_1.16.0\STM32CubeIDE\plugins\com.st.stm32cube.common.mx_6.12.1.202409122256\\db\/plugins/mcufinder/images/
2024-11-03 20:14:09,576 [INFO] ApiDb:250 - Set database path to: C:\Users\Juan\.stmcufinder\plugins\mcufinder//mcu/
2024-11-03 20:14:09,577 [INFO] DbMcusAds:125 - Set database path to: C:\Users\Juan\.stmcufinder\plugins\mcufinder//mcu/
2024-11-03 20:14:09,579 [INFO] CrossReferenceDbSqlite:203 - Set database path to: C:\Users\Juan\.stmcufinder\plugins\mcufinder//mcu/cs/
2024-11-03 20:14:09,667 [INFO] RulesReader:64 - Compatibility file has been processed (297 Rules)
2024-11-03 20:14:09,728 [INFO] DbMcusXml:78 - Set database path to: C:\ST\STM32CubeIDE_1.16.0\STM32CubeIDE\plugins\com.st.stm32cube.common.mx_6.12.1.202409122256\\db\/mcu/
2024-11-03 20:14:09,728 [INFO] ApiDb:274 - Set plugin database path to: C:\ST\STM32CubeIDE_1.16.0\STM32CubeIDE\plugins\com.st.stm32cube.common.mx_6.12.1.202409122256\\db\/plugins/boardmanager/
2024-11-03 20:14:09,728 [INFO] ApiDb:261 - Set plugin images path to: C:\ST\STM32CubeIDE_1.16.0\STM32CubeIDE\plugins\com.st.stm32cube.common.mx_6.12.1.202409122256\\db\/plugins/mcufinder/images/
2024-11-03 20:14:09,729 [WARN] DbFile:41 - Overriding database path with different value: C:\Users\Juan\.stmcufinder\plugins\mcufinder/ => C:\Users\Juan\.stmcufinder\plugins\mcufinder
2024-11-03 20:14:09,729 [INFO] ApiDb:250 - Set database path to: C:\Users\Juan\.stmcufinder\plugins\mcufinder//mcu/
2024-11-03 20:14:09,729 [WARN] DbFile:41 - Overriding database path with different value: C:\Users\Juan\.stmcufinder\plugins\mcufinder/ => C:\Users\Juan\.stmcufinder\plugins\mcufinder
2024-11-03 20:14:09,729 [INFO] DbMcusAds:125 - Set database path to: C:\Users\Juan\.stmcufinder\plugins\mcufinder//mcu/
2024-11-03 20:14:09,729 [WARN] DbFile:41 - Overriding database path with different value: C:\Users\Juan\.stmcufinder\plugins\mcufinder/ => C:\Users\Juan\.stmcufinder\plugins\mcufinder
2024-11-03 20:14:09,729 [WARN] DbFile:41 - Overriding database path with different value: C:\Users\Juan\.stmcufinder\plugins\mcufinder/ => C:\Users\Juan\.stmcufinder\plugins\mcufinder
2024-11-03 20:14:09,729 [INFO] CrossReferenceDbSqlite:203 - Set database path to: C:\Users\Juan\.stmcufinder\plugins\mcufinder//mcu/cs/
2024-11-03 20:14:09,796 [INFO] MainPanel:268 - HeapMemory: 268435456
2024-11-03 20:14:09,907 [INFO] DbMcusXml:78 - Set database path to: C:\ST\STM32CubeIDE_1.16.0\STM32CubeIDE\plugins\com.st.stm32cube.common.mx_6.12.1.202409122256\\db\/mcu/
2024-11-03 20:14:09,907 [INFO] ApiDb:274 - Set plugin database path to: C:\ST\STM32CubeIDE_1.16.0\STM32CubeIDE\plugins\com.st.stm32cube.common.mx_6.12.1.202409122256\\db\/plugins/boardmanager/
2024-11-03 20:14:09,907 [INFO] ApiDb:261 - Set plugin images path to: C:\ST\STM32CubeIDE_1.16.0\STM32CubeIDE\plugins\com.st.stm32cube.common.mx_6.12.1.202409122256\\db\/plugins/mcufinder/images/
2024-11-03 20:14:09,907 [WARN] DbFile:41 - Overriding database path with different value: C:\Users\Juan\.stmcufinder\plugins\mcufinder/ => C:\Users\Juan\.stmcufinder\plugins\mcufinder
2024-11-03 20:14:09,907 [INFO] ApiDb:250 - Set database path to: C:\Users\Juan\.stmcufinder\plugins\mcufinder//mcu/
2024-11-03 20:14:09,907 [WARN] DbFile:41 - Overriding database path with different value: C:\Users\Juan\.stmcufinder\plugins\mcufinder/ => C:\Users\Juan\.stmcufinder\plugins\mcufinder
2024-11-03 20:14:09,907 [INFO] DbMcusAds:125 - Set database path to: C:\Users\Juan\.stmcufinder\plugins\mcufinder//mcu/
2024-11-03 20:14:09,907 [WARN] DbFile:41 - Overriding database path with different value: C:\Users\Juan\.stmcufinder\plugins\mcufinder/ => C:\Users\Juan\.stmcufinder\plugins\mcufinder
2024-11-03 20:14:09,907 [WARN] DbFile:41 - Overriding database path with different value: C:\Users\Juan\.stmcufinder\plugins\mcufinder/ => C:\Users\Juan\.stmcufinder\plugins\mcufinder
2024-11-03 20:14:09,907 [INFO] CrossReferenceDbSqlite:203 - Set database path to: C:\Users\Juan\.stmcufinder\plugins\mcufinder//mcu/cs/
2024-11-03 20:14:09,920 [INFO] ApplicationProperties:184 - Using Application install path: C:\ST\STM32CubeIDE_1.16.0\STM32CubeIDE\plugins\com.st.stm32cube.common.mx_6.12.1.202409122256
2024-11-03 20:14:09,922 [INFO] PluginManage:196 - Search for loadable plugins [exclusion list=, ]
2024-11-03 20:14:09,923 [INFO] PluginManage:310 - Check plugin analytics
2024-11-03 20:14:10,047 [INFO] AnalyticsPlugin:253 - Accepted Software Licenses: STM32CubeMX.6.12.0
2024-11-03 20:14:10,047 [INFO] AnalyticsPlugin:255 - Accepted CMSIS Pack Licenses: 
2024-11-03 20:14:10,047 [INFO] AnalyticsPlugin:257 - Accepted Firmware Licenses: FW.F4.1.28.0
2024-11-03 20:14:10,049 [INFO] PluginManage:359 - Loaded plugin analytics (category:tool,tabindex:-1)
2024-11-03 20:14:10,050 [INFO] PluginManage:310 - Check plugin cadmodel
2024-11-03 20:14:10,062 [INFO] CADModel:105 - Init CAD model plugin
2024-11-03 20:14:10,062 [INFO] PluginManage:359 - Loaded plugin cadmodel (category:power,tabindex:5)
2024-11-03 20:14:10,063 [INFO] PluginManage:310 - Check plugin clock
2024-11-03 20:14:10,078 [INFO] PluginManage:359 - Loaded plugin clock (category:base,tabindex:2)
2024-11-03 20:14:10,078 [INFO] PluginManage:310 - Check plugin ddr
2024-11-03 20:14:10,080 [INFO] PluginManage:359 - Loaded plugin ddr (category:tool,tabindex:6)
2024-11-03 20:14:10,080 [INFO] PluginManage:310 - Check plugin filemanager
2024-11-03 20:14:10,191 [INFO] PluginManage:359 - Loaded plugin filemanager (category:base,tabindex:10)
2024-11-03 20:14:10,192 [INFO] PluginManage:310 - Check plugin ipmanager
2024-11-03 20:14:10,197 [INFO] PluginManage:359 - Loaded plugin ipmanager (category:base,tabindex:5)
2024-11-03 20:14:10,197 [INFO] PluginManage:310 - Check plugin lpbam
2024-11-03 20:14:10,211 [INFO] PluginManage:359 - Loaded plugin lpbam (category:base,tabindex:0)
2024-11-03 20:14:10,211 [INFO] PluginManage:310 - Check plugin memorymap
2024-11-03 20:14:10,228 [INFO] PluginManage:359 - Loaded plugin memorymap (category:base,tabindex:4)
2024-11-03 20:14:10,228 [INFO] PluginManage:310 - Check plugin pinoutandconfiguration
2024-11-03 20:14:10,242 [INFO] PluginManage:359 - Loaded plugin pinoutandconfiguration (category:base,tabindex:1)
2024-11-03 20:14:10,242 [INFO] PluginManage:310 - Check plugin pinoutconfig
2024-11-03 20:14:10,318 [WARN] SupportedApi:132 - Cannot load RTOS API schema: s4s-elt-must-match.1: The content of 'definitions' must match (annotation?, (simpleType | complexType)?, (unique | key | keyref)*)). A problem was found starting at: attribute.
2024-11-03 20:14:10,417 [INFO] PluginManage:359 - Loaded plugin pinoutconfig (category:base,tabindex:0)
2024-11-03 20:14:10,417 [INFO] PluginManage:310 - Check plugin power
2024-11-03 20:14:10,432 [INFO] PluginManage:359 - Loaded plugin power (category:power,tabindex:4)
2024-11-03 20:14:10,432 [INFO] PluginManage:310 - Check plugin projectmanager
2024-11-03 20:14:10,444 [INFO] PluginManage:359 - Loaded plugin projectmanager (category:projectmanager,tabindex:4)
2024-11-03 20:14:10,445 [INFO] PluginManage:310 - Check plugin rif
2024-11-03 20:14:10,456 [INFO] PluginManage:359 - Loaded plugin rif (category:base,tabindex:3)
2024-11-03 20:14:10,456 [INFO] PluginManage:310 - Check plugin thirdparty
2024-11-03 20:14:10,663 [INFO] PluginManage:359 - Loaded plugin thirdparty (category:base,tabindex:-1)
2024-11-03 20:14:10,663 [WARN] IntegrityCheckThread:84 - waiting for thirdparty lock release [integrity check]
2024-11-03 20:14:10,664 [INFO] PluginManage:310 - Check plugin tools
2024-11-03 20:14:10,664 [INFO] IntegrityCheckThread:86 - entering critical section [integrity check]
2024-11-03 20:14:10,664 [INFO] ThirdPartyUpdaterWithRetryManager:70 - Updater plugin not ready yet. [1/15]
2024-11-03 20:14:10,690 [INFO] PluginManage:359 - Loaded plugin tools (category:base,tabindex:7)
2024-11-03 20:14:10,690 [INFO] PluginManage:310 - Check plugin tutovideos
2024-11-03 20:14:10,845 [INFO] PluginManage:359 - Loaded plugin tutovideos (category:base,tabindex:-1)
2024-11-03 20:14:10,845 [INFO] PluginManage:310 - Check plugin updater
2024-11-03 20:14:10,858 [INFO] PluginManage:359 - Loaded plugin updater (category:base,tabindex:12)
2024-11-03 20:14:10,858 [INFO] PluginManage:310 - Check plugin userauth
2024-11-03 20:14:10,863 [INFO] UserAuth:113 - Init User Auth plugin
2024-11-03 20:14:10,863 [INFO] PluginManage:359 - Loaded plugin userauth (category:base,tabindex:14)
2024-11-03 20:14:10,863 [INFO] PluginManage:283 - PluginManage : Loaded plugins [18]
2024-11-03 20:14:11,014 [INFO] PinOutPanel:1561 - setPackage(No Configuration,No Configuration)
2024-11-03 20:14:11,077 [INFO] CADModel:165 - CPN selected for project level
2024-11-03 20:14:11,077 [INFO] CADModel:114 - Register for checkConnection events
2024-11-03 20:14:11,098 [INFO] IPUIPlugin:80 - create IPUIPlugin
2024-11-03 20:14:11,099 [INFO] PluginManager:220 - loadIPPluginJar : add adc
2024-11-03 20:14:11,128 [INFO] IPUIPlugin:80 - create IPUIPlugin
2024-11-03 20:14:11,128 [INFO] PluginManager:220 - loadIPPluginJar : add aes
2024-11-03 20:14:11,161 [INFO] IPUIPlugin:80 - create IPUIPlugin
2024-11-03 20:14:11,161 [INFO] PluginManager:220 - loadIPPluginJar : add can
2024-11-03 20:14:11,180 [INFO] IPUIPlugin:80 - create IPUIPlugin
2024-11-03 20:14:11,180 [INFO] PluginManager:220 - loadIPPluginJar : add comp
2024-11-03 20:14:11,206 [INFO] IPUIPlugin:80 - create IPUIPlugin
2024-11-03 20:14:11,207 [INFO] PluginManager:220 - loadIPPluginJar : add cryp
2024-11-03 20:14:11,216 [INFO] IPUIPlugin:80 - create IPUIPlugin
2024-11-03 20:14:11,216 [INFO] PluginManager:220 - loadIPPluginJar : add ddr_ctrl_phy
2024-11-03 20:14:11,238 [INFO] IPUIPlugin:80 - create IPUIPlugin
2024-11-03 20:14:11,238 [INFO] PluginManager:220 - loadIPPluginJar : add dfsdm
2024-11-03 20:14:11,248 [INFO] IPUIPlugin:80 - create IPUIPlugin
2024-11-03 20:14:11,249 [INFO] PluginManager:220 - loadIPPluginJar : add dma
2024-11-03 20:14:11,281 [INFO] IPUIPlugin:80 - create IPUIPlugin
2024-11-03 20:14:11,281 [INFO] PluginManager:220 - loadIPPluginJar : add dma3
2024-11-03 20:14:11,316 [INFO] IPUIPlugin:80 - create IPUIPlugin
2024-11-03 20:14:11,316 [INFO] PluginManager:220 - loadIPPluginJar : add extmemmanager
2024-11-03 20:14:11,331 [INFO] IPUIPlugin:80 - create IPUIPlugin
2024-11-03 20:14:11,331 [INFO] PluginManager:220 - loadIPPluginJar : add fatfs
2024-11-03 20:14:11,367 [INFO] IPUIPlugin:80 - create IPUIPlugin
2024-11-03 20:14:11,367 [INFO] PluginManager:220 - loadIPPluginJar : add fmc
2024-11-03 20:14:11,379 [INFO] IPUIPlugin:80 - create IPUIPlugin
2024-11-03 20:14:11,379 [INFO] PluginManager:220 - loadIPPluginJar : add freertos
2024-11-03 20:14:11,394 [INFO] IPUIPlugin:80 - create IPUIPlugin
2024-11-03 20:14:11,394 [INFO] PluginManager:220 - loadIPPluginJar : add genericplugin
2024-11-03 20:14:11,461 [INFO] IPUIPlugin:80 - create IPUIPlugin
2024-11-03 20:14:11,461 [INFO] PluginManager:220 - loadIPPluginJar : add gfxmmu
2024-11-03 20:14:11,557 [INFO] IPUIPlugin:80 - create IPUIPlugin
2024-11-03 20:14:11,557 [INFO] PluginManager:220 - loadIPPluginJar : add gic
2024-11-03 20:14:11,567 [INFO] IPUIPlugin:80 - create IPUIPlugin
2024-11-03 20:14:11,567 [INFO] PluginManager:220 - loadIPPluginJar : add gpio
2024-11-03 20:14:11,638 [INFO] IPUIPlugin:80 - create IPUIPlugin
2024-11-03 20:14:11,638 [INFO] PluginManager:220 - loadIPPluginJar : add gtzc
2024-11-03 20:14:11,662 [INFO] IPUIPlugin:80 - create IPUIPlugin
2024-11-03 20:14:11,662 [INFO] PluginManager:220 - loadIPPluginJar : add hash
2024-11-03 20:14:11,700 [INFO] IPUIPlugin:80 - create IPUIPlugin
2024-11-03 20:14:11,700 [INFO] PluginManager:220 - loadIPPluginJar : add i2c
2024-11-03 20:14:11,729 [INFO] IPUIPlugin:80 - create IPUIPlugin
2024-11-03 20:14:11,729 [INFO] PluginManager:220 - loadIPPluginJar : add i2s
2024-11-03 20:14:11,761 [INFO] IPUIPlugin:80 - create IPUIPlugin
2024-11-03 20:14:11,761 [INFO] PluginManager:220 - loadIPPluginJar : add i3c
2024-11-03 20:14:11,843 [INFO] IPUIPlugin:80 - create IPUIPlugin
2024-11-03 20:14:11,843 [INFO] PluginManager:220 - loadIPPluginJar : add ipddr
2024-11-03 20:14:11,911 [INFO] IPUIPlugin:80 - create IPUIPlugin
2024-11-03 20:14:11,911 [INFO] PluginManager:220 - loadIPPluginJar : add linkedlist
2024-11-03 20:14:11,937 [INFO] IPUIPlugin:80 - create IPUIPlugin
2024-11-03 20:14:11,937 [INFO] PluginManager:220 - loadIPPluginJar : add lorawan
2024-11-03 20:14:11,964 [INFO] IPUIPlugin:80 - create IPUIPlugin
2024-11-03 20:14:11,964 [INFO] PluginManager:220 - loadIPPluginJar : add ltdc
2024-11-03 20:14:11,975 [INFO] IPUIPlugin:80 - create IPUIPlugin
2024-11-03 20:14:11,975 [INFO] PluginManager:220 - loadIPPluginJar : add mdma
2024-11-03 20:14:11,984 [INFO] IPUIPlugin:80 - create IPUIPlugin
2024-11-03 20:14:11,984 [INFO] PluginManager:220 - loadIPPluginJar : add nvic
2024-11-03 20:14:12,011 [INFO] IPUIPlugin:80 - create IPUIPlugin
2024-11-03 20:14:12,011 [INFO] PluginManager:220 - loadIPPluginJar : add opamp
2024-11-03 20:14:12,055 [INFO] IPUIPlugin:80 - create IPUIPlugin
2024-11-03 20:14:12,055 [INFO] PluginManager:220 - loadIPPluginJar : add openamp
2024-11-03 20:14:12,087 [INFO] IPUIPlugin:80 - create IPUIPlugin
2024-11-03 20:14:12,087 [INFO] PluginManager:220 - loadIPPluginJar : add pdm2pcm
2024-11-03 20:14:12,098 [INFO] IPUIPlugin:80 - create IPUIPlugin
2024-11-03 20:14:12,100 [INFO] PluginManager:220 - loadIPPluginJar : add plateformsettings
2024-11-03 20:14:12,116 [INFO] IPUIPlugin:80 - create IPUIPlugin
2024-11-03 20:14:12,117 [INFO] PluginManager:220 - loadIPPluginJar : add quadspi
2024-11-03 20:14:12,136 [INFO] IPUIPlugin:80 - create IPUIPlugin
2024-11-03 20:14:12,137 [INFO] PluginManager:220 - loadIPPluginJar : add radio
2024-11-03 20:14:12,147 [INFO] IPUIPlugin:80 - create IPUIPlugin
2024-11-03 20:14:12,147 [INFO] PluginManager:220 - loadIPPluginJar : add resmgrutility
2024-11-03 20:14:12,184 [INFO] IPUIPlugin:80 - create IPUIPlugin
2024-11-03 20:14:12,184 [INFO] PluginManager:220 - loadIPPluginJar : add sai
2024-11-03 20:14:12,212 [INFO] IPUIPlugin:80 - create IPUIPlugin
2024-11-03 20:14:12,212 [INFO] PluginManager:220 - loadIPPluginJar : add spi
2024-11-03 20:14:12,266 [INFO] IPUIPlugin:80 - create IPUIPlugin
2024-11-03 20:14:12,267 [INFO] PluginManager:220 - loadIPPluginJar : add stm32_wpan
2024-11-03 20:14:12,284 [INFO] IPUIPlugin:80 - create IPUIPlugin
2024-11-03 20:14:12,284 [INFO] PluginManager:220 - loadIPPluginJar : add tim
2024-11-03 20:14:12,330 [INFO] IPUIPlugin:80 - create IPUIPlugin
2024-11-03 20:14:12,330 [INFO] PluginManager:220 - loadIPPluginJar : add touchsensing
2024-11-03 20:14:12,347 [INFO] IPUIPlugin:80 - create IPUIPlugin
2024-11-03 20:14:12,347 [INFO] PluginManager:220 - loadIPPluginJar : add tracer_emb
2024-11-03 20:14:12,364 [INFO] IPUIPlugin:80 - create IPUIPlugin
2024-11-03 20:14:12,364 [INFO] PluginManager:220 - loadIPPluginJar : add ts
2024-11-03 20:14:12,381 [INFO] IPUIPlugin:80 - create IPUIPlugin
2024-11-03 20:14:12,381 [INFO] PluginManager:220 - loadIPPluginJar : add tsc
2024-11-03 20:14:12,397 [INFO] IPUIPlugin:80 - create IPUIPlugin
2024-11-03 20:14:12,397 [INFO] PluginManager:220 - loadIPPluginJar : add ucpd
2024-11-03 20:14:12,431 [INFO] IPUIPlugin:80 - create IPUIPlugin
2024-11-03 20:14:12,431 [INFO] PluginManager:220 - loadIPPluginJar : add usart
2024-11-03 20:14:12,465 [INFO] IPUIPlugin:80 - create IPUIPlugin
2024-11-03 20:14:12,465 [INFO] PluginManager:220 - loadIPPluginJar : add usbx
2024-11-03 20:14:12,580 [INFO] CADModel:165 - CPN selected for project level
2024-11-03 20:14:12,580 [INFO] CADModel:114 - Register for checkConnection events
2024-11-03 20:14:12,580 [FATAL] Updater:334 - Updater called before beeing initialized
2024-11-03 20:14:12,580 [ERROR] CADModel:125 - Updater not yet initialized, retry later 
2024-11-03 20:14:12,690 [INFO] CADModel:165 - CPN selected for project level
2024-11-03 20:14:12,690 [INFO] CADModel:114 - Register for checkConnection events
2024-11-03 20:14:12,690 [FATAL] Updater:334 - Updater called before beeing initialized
2024-11-03 20:14:12,690 [ERROR] CADModel:125 - Updater not yet initialized, retry later 
2024-11-03 20:14:12,693 [FATAL] Updater:334 - Updater called before beeing initialized
2024-11-03 20:14:12,772 [FATAL] Updater:334 - Updater called before beeing initialized
2024-11-03 20:14:12,779 [INFO] DbMcusAds:53 - JSON generation date=Thu Sep 30 03:55:09 ART 2021 (1632984909247)
2024-11-03 20:14:12,780 [FATAL] Updater:334 - Updater called before beeing initialized
2024-11-03 20:14:12,812 [WARN] DetailPanel:346 - Failed to get advertising image, set to default
2024-11-03 20:14:12,879 [FATAL] Updater:334 - Updater called before beeing initialized
2024-11-03 20:14:12,880 [FATAL] Updater:334 - Updater called before beeing initialized
2024-11-03 20:14:12,880 [FATAL] Updater:334 - Updater called before beeing initialized
2024-11-03 20:14:12,881 [WARN] DetailPanel:346 - Failed to get advertising image, set to default
2024-11-03 20:14:12,881 [FATAL] Updater:334 - Updater called before beeing initialized
2024-11-03 20:14:12,926 [ERROR] Updater:1164 - MainUpdater not yet initialized. External WinMGr cannot be set.
2024-11-03 20:14:12,936 [INFO] Updater:1100 - Updater Version found : 6.12.1
2024-11-03 20:14:12,953 [INFO] ApplicationProperties:184 - Using Application install path: C:\ST\STM32CubeIDE_1.16.0\STM32CubeIDE\plugins\com.st.stm32cube.common.mx_6.12.1.202409122256
2024-11-03 20:14:13,508 [INFO] MainUpdater:2873 - connection check result : 10
2024-11-03 20:14:13,509 [INFO] MainUpdater:290 - Updater Check For Update Now.
2024-11-03 20:14:13,509 [INFO] MicroXplorer:498 - Change Database Version : DB.6.0.121
2024-11-03 20:14:13,521 [INFO] McuFinderGlobals:63 - Set McuFinder mode to 2 (CubeIDE integrated)
2024-11-03 20:14:13,525 [INFO] UserAuth:417 - Internet connection configuration mode: 1
2024-11-03 20:14:13,551 [INFO] JxBrowserEngine:152 - Initiate JxBrowser Engine with user profile folder
2024-11-03 20:14:13,667 [WARN] MainUpdater:1194 - Updater busy. Cannot search thirdparties
2024-11-03 20:14:13,667 [INFO] ThirdPartyUpdaterWithRetryManager:96 - Updater plugin is busy. [1/15]
2024-11-03 20:14:13,715 [INFO] CheckServerUpdateThread:120 - End of CheckServer Thread
2024-11-03 20:14:16,836 [WARN] PackLoader:240 - Cannot read IP mode file for STMicroelectronics.FP-SNS-MOTENVWB1.1.4.0
2024-11-03 20:14:16,850 [WARN] PackLoader:240 - Cannot read IP mode file for STMicroelectronics.X-CUBE-SMBUS.2.1.0
2024-11-03 20:14:16,863 [WARN] PackLoader:240 - Cannot read IP mode file for STMicroelectronics.X-CUBE-WB05N.1.1.0
2024-11-03 20:14:16,894 [WARN] PackLoader:240 - Cannot read IP mode file for STMicroelectronics.X-CUBE-AZRTOS-F7.1.1.0
2024-11-03 20:14:16,906 [WARN] PackLoader:240 - Cannot read IP mode file for STMicroelectronics.FP-SNS-FLIGHT1.5.0.2
2024-11-03 20:14:16,918 [WARN] PackLoader:240 - Cannot read IP mode file for STMicroelectronics.X-CUBE-DISPLAY.3.0.0
2024-11-03 20:14:16,932 [WARN] PackLoader:240 - Cannot read IP mode file for STMicroelectronics.X-CUBE-BLE1.7.0.0
2024-11-03 20:14:16,944 [WARN] PackLoader:240 - Cannot read IP mode file for STMicroelectronics.X-CUBE-NFC10.1.0.0
2024-11-03 20:14:16,956 [WARN] PackLoader:240 - Cannot read IP mode file for emotas.I-CUBE-CANOPEN.1.3.0
2024-11-03 20:14:16,969 [WARN] PackLoader:240 - Cannot read IP mode file for STMicroelectronics.X-CUBE-BLEMGR.3.1.0
2024-11-03 20:14:16,981 [WARN] PackLoader:240 - Cannot read IP mode file for STMicroelectronics.FP-SNS-SMARTAG2.1.2.0
2024-11-03 20:14:16,996 [INFO] LogOutputStream:77 - [STDOUT_REDIRECT] 1 : Invalid condition id : UX_CORESTACK_Condition cause : null
2024-11-03 20:14:16,996 [INFO] LogOutputStream:77 - [STDOUT_REDIRECT] 1 : Invalid condition id : UX_CORESTACK_Condition cause : null
2024-11-03 20:14:16,997 [INFO] LogOutputStream:77 - [STDOUT_REDIRECT] 1 : Invalid condition id : UX_CORESTACK_Condition cause : null
2024-11-03 20:14:16,998 [INFO] LogOutputStream:77 - [STDOUT_REDIRECT] 1 : Invalid condition id : UX_CORESTACK_Condition cause : null
2024-11-03 20:14:16,999 [INFO] LogOutputStream:77 - [STDOUT_REDIRECT] 1 : Invalid condition id : UX_CORESTACK_Condition cause : null
2024-11-03 20:14:17,001 [WARN] PackLoader:240 - Cannot read IP mode file for STMicroelectronics.X-CUBE-AZRTOS-WL.2.0.0
2024-11-03 20:14:17,013 [WARN] PackLoader:240 - Cannot read IP mode file for STMicroelectronics.FP-SNS-MOTENV1.5.0.0
2024-11-03 20:14:17,023 [WARN] PackLoader:240 - Cannot read IP mode file for wolfSSL.I-CUBE-wolfMQTT.1.19.0
2024-11-03 20:14:17,034 [WARN] PackLoader:240 - Cannot read IP mode file for WES.I-CUBE-Cesium.1.3.0
2024-11-03 20:14:17,044 [WARN] PackLoader:240 - Cannot read IP mode file for STMicroelectronics.X-CUBE-BLE2.3.3.0
2024-11-03 20:14:17,055 [WARN] PackLoader:240 - Cannot read IP mode file for STMicroelectronics.X-CUBE-NFC9.1.0.0
2024-11-03 20:14:17,066 [WARN] PackLoader:240 - Cannot read IP mode file for STMicroelectronics.X-CUBE-TCPP.4.1.0
2024-11-03 20:14:17,090 [WARN] PackLoader:240 - Cannot read IP mode file for STMicroelectronics.X-CUBE-AZRTOS-G0.1.1.0
2024-11-03 20:14:17,103 [WARN] PackLoader:240 - Cannot read IP mode file for STMicroelectronics.X-CUBE-SAFEA1.1.2.2
2024-11-03 20:14:17,114 [WARN] PackLoader:240 - Cannot read IP mode file for STMicroelectronics.X-CUBE-NFC4.3.0.0
2024-11-03 20:14:17,129 [WARN] PackLoader:240 - Cannot read IP mode file for EmbeddedOffice.I-CUBE-FS-RTOS.1.0.1
2024-11-03 20:14:17,129 [ERROR] ConditionMgr:805 - Attr not supported : Dmpu
2024-11-03 20:14:17,129 [ERROR] ConditionMgr:805 - Attr not supported : Dmpu
2024-11-03 20:14:17,129 [ERROR] ConditionMgr:805 - Attr not supported : Dmpu
2024-11-03 20:14:17,129 [ERROR] ConditionMgr:805 - Attr not supported : Dmpu
2024-11-03 20:14:17,129 [ERROR] ConditionMgr:805 - Attr not supported : Dmpu
2024-11-03 20:14:17,129 [ERROR] ConditionMgr:805 - Attr not supported : Dmpu
2024-11-03 20:14:17,129 [ERROR] ConditionMgr:805 - Attr not supported : Dmpu
2024-11-03 20:14:17,129 [ERROR] ConditionMgr:805 - Attr not supported : Dmpu
2024-11-03 20:14:17,129 [ERROR] ConditionMgr:805 - Attr not supported : Dmpu
2024-11-03 20:14:17,129 [ERROR] ConditionMgr:805 - Attr not supported : Dmpu
2024-11-03 20:14:17,130 [ERROR] ConditionMgr:805 - Attr not supported : Dmpu
2024-11-03 20:14:17,130 [ERROR] ConditionMgr:805 - Attr not supported : Dmpu
2024-11-03 20:14:17,130 [ERROR] ConditionMgr:805 - Attr not supported : Dmpu
2024-11-03 20:14:17,130 [ERROR] ConditionMgr:805 - Attr not supported : Dmpu
2024-11-03 20:14:17,130 [ERROR] ConditionMgr:805 - Attr not supported : Dmpu
2024-11-03 20:14:17,130 [ERROR] ConditionMgr:805 - Attr not supported : Dmpu
2024-11-03 20:14:17,130 [ERROR] ConditionMgr:805 - Attr not supported : Dmpu
2024-11-03 20:14:17,130 [ERROR] ConditionMgr:805 - Attr not supported : Dmpu
2024-11-03 20:14:17,130 [ERROR] ConditionMgr:805 - Attr not supported : Dmpu
2024-11-03 20:14:17,130 [ERROR] ConditionMgr:805 - Attr not supported : Dmpu
2024-11-03 20:14:17,130 [ERROR] ConditionMgr:805 - Attr not supported : Dmpu
2024-11-03 20:14:17,130 [ERROR] ConditionMgr:805 - Attr not supported : Dmpu
2024-11-03 20:14:17,130 [ERROR] ConditionMgr:805 - Attr not supported : Dmpu
2024-11-03 20:14:17,130 [ERROR] ConditionMgr:805 - Attr not supported : Dmpu
2024-11-03 20:14:17,130 [ERROR] ConditionMgr:805 - Attr not supported : Dmpu
2024-11-03 20:14:17,130 [ERROR] ConditionMgr:805 - Attr not supported : Dmpu
2024-11-03 20:14:17,130 [ERROR] ConditionMgr:805 - Attr not supported : Dmpu
2024-11-03 20:14:17,130 [ERROR] ConditionMgr:805 - Attr not supported : Dmpu
2024-11-03 20:14:17,130 [ERROR] ConditionMgr:805 - Attr not supported : Dmpu
2024-11-03 20:14:17,130 [ERROR] ConditionMgr:805 - Attr not supported : Dmpu
2024-11-03 20:14:17,130 [ERROR] ConditionMgr:805 - Attr not supported : Dmpu
2024-11-03 20:14:17,131 [ERROR] ConditionMgr:805 - Attr not supported : Dmpu
2024-11-03 20:14:17,131 [ERROR] ConditionMgr:805 - Attr not supported : Dmpu
2024-11-03 20:14:17,131 [ERROR] ConditionMgr:805 - Attr not supported : Dmpu
2024-11-03 20:14:17,131 [ERROR] ConditionMgr:805 - Attr not supported : Dmpu
2024-11-03 20:14:17,131 [ERROR] ConditionMgr:805 - Attr not supported : Dmpu
2024-11-03 20:14:17,131 [ERROR] ConditionMgr:805 - Attr not supported : Dmpu
2024-11-03 20:14:17,131 [ERROR] ConditionMgr:805 - Attr not supported : Dmpu
2024-11-03 20:14:17,131 [ERROR] ConditionMgr:805 - Attr not supported : Dmpu
2024-11-03 20:14:17,131 [ERROR] ConditionMgr:805 - Attr not supported : Dmpu
2024-11-03 20:14:17,131 [ERROR] ConditionMgr:805 - Attr not supported : Dmpu
2024-11-03 20:14:17,131 [ERROR] ConditionMgr:805 - Attr not supported : Dmpu
2024-11-03 20:14:17,131 [ERROR] ConditionMgr:805 - Attr not supported : Dmpu
2024-11-03 20:14:17,131 [ERROR] ConditionMgr:805 - Attr not supported : Dmpu
2024-11-03 20:14:17,131 [ERROR] ConditionMgr:805 - Attr not supported : Dmpu
2024-11-03 20:14:17,131 [ERROR] ConditionMgr:805 - Attr not supported : Dmpu
2024-11-03 20:14:17,131 [ERROR] ConditionMgr:805 - Attr not supported : Dmpu
2024-11-03 20:14:17,131 [ERROR] ConditionMgr:805 - Attr not supported : Dmpu
2024-11-03 20:14:17,131 [ERROR] ConditionMgr:805 - Attr not supported : Dmpu
2024-11-03 20:14:17,132 [ERROR] ConditionMgr:805 - Attr not supported : Dmpu
2024-11-03 20:14:17,132 [ERROR] ConditionMgr:805 - Attr not supported : Dmpu
2024-11-03 20:14:17,132 [ERROR] ConditionMgr:805 - Attr not supported : Dmpu
2024-11-03 20:14:17,132 [ERROR] ConditionMgr:805 - Attr not supported : Dmpu
2024-11-03 20:14:17,132 [ERROR] ConditionMgr:805 - Attr not supported : Dmpu
2024-11-03 20:14:17,132 [ERROR] ConditionMgr:805 - Attr not supported : Dmpu
2024-11-03 20:14:17,132 [ERROR] ConditionMgr:805 - Attr not supported : Dmpu
2024-11-03 20:14:17,132 [ERROR] ConditionMgr:805 - Attr not supported : Dmpu
2024-11-03 20:14:17,132 [ERROR] ConditionMgr:805 - Attr not supported : Dmpu
2024-11-03 20:14:17,132 [ERROR] ConditionMgr:805 - Attr not supported : Dmpu
2024-11-03 20:14:17,132 [ERROR] ConditionMgr:805 - Attr not supported : Dmpu
2024-11-03 20:14:17,132 [ERROR] ConditionMgr:805 - Attr not supported : Dmpu
2024-11-03 20:14:17,132 [ERROR] ConditionMgr:805 - Attr not supported : Dmpu
2024-11-03 20:14:17,132 [ERROR] ConditionMgr:805 - Attr not supported : Dmpu
2024-11-03 20:14:17,132 [ERROR] ConditionMgr:805 - Attr not supported : Dmpu
2024-11-03 20:14:17,143 [WARN] PackLoader:240 - Cannot read IP mode file for RealThread.X-CUBE-RT-Thread_Nano.4.1.1
2024-11-03 20:14:17,152 [WARN] PackLoader:240 - Cannot read IP mode file for STMicroelectronics.FP-ATR-SIGFOX1.3.2.0
2024-11-03 20:14:17,161 [WARN] PackLoader:240 - Cannot read IP mode file for wolfSSL.I-CUBE-wolfSSL.5.7.2
2024-11-03 20:14:17,172 [WARN] PackLoader:240 - Cannot read IP mode file for STMicroelectronics.X-CUBE-EEPRMA1.5.1.0
2024-11-03 20:14:17,184 [WARN] PackLoader:240 - Cannot read IP mode file for ITTIA_DB.I-CUBE-ITTIADB.8.9.0
2024-11-03 20:14:17,211 [WARN] PackLoader:240 - Cannot read IP mode file for SEGGER.I-CUBE-embOS.1.3.1
2024-11-03 20:14:17,245 [WARN] PackLoader:240 - Cannot read IP mode file for STMicroelectronics.X-CUBE-ALGOBUILD.1.4.0
2024-11-03 20:14:17,255 [WARN] PackLoader:240 - Cannot read IP mode file for STMicroelectronics.X-CUBE-AI.9.1.0
2024-11-03 20:14:17,265 [WARN] PackLoader:240 - Cannot read IP mode file for STMicroelectronics.X-CUBE-GNSS1.6.0.0
2024-11-03 20:14:17,286 [WARN] PackLoader:240 - Cannot read IP mode file for STMicroelectronics.X-CUBE-AZRTOS-F4.1.1.0
2024-11-03 20:14:17,297 [WARN] PackLoader:240 - Cannot read IP mode file for STMicroelectronics.X-CUBE-ISPU.2.1.0
2024-11-03 20:14:17,306 [WARN] PackLoader:240 - Cannot read IP mode file for STMicroelectronics.X-CUBE-FREERTOS.1.2.0
2024-11-03 20:14:17,326 [WARN] PackLoader:240 - Cannot read IP mode file for STMicroelectronics.X-CUBE-AZRTOS-L5.2.0.0
2024-11-03 20:14:17,340 [WARN] PackLoader:240 - Cannot read IP mode file for STMicroelectronics.X-CUBE-NFC6.3.1.0
2024-11-03 20:14:17,350 [WARN] PackLoader:240 - Cannot read IP mode file for STMicroelectronics.X-CUBE-AI.9.0.0
2024-11-03 20:14:17,361 [WARN] PackLoader:240 - Cannot read IP mode file for STMicroelectronics.X-CUBE-NFC7.1.0.1
2024-11-03 20:14:17,389 [WARN] ConditionMgr:438 - getConditionDescription Invalid condition id : LAN8742 Phy interface Condition cause : null
2024-11-03 20:14:17,389 [WARN] PackLoader:240 - Cannot read IP mode file for STMicroelectronics.X-CUBE-AZRTOS-L4.2.0.0
2024-11-03 20:14:17,390 [WARN] ConditionMgr:1039 - genDependencies : Invalid condition id : LAN8742 Phy interface Condition cause : null
2024-11-03 20:14:17,390 [WARN] ConditionMgr:1039 - genDependencies : Invalid condition id : LAN8742 Phy interface Condition cause : null
2024-11-03 20:14:17,391 [WARN] ConditionMgr:1039 - genDependencies : Invalid condition id : LAN8742 Phy interface Condition cause : null
2024-11-03 20:14:17,404 [WARN] PackLoader:240 - Cannot read IP mode file for STMicroelectronics.X-CUBE-SFXS2LP1.4.0.0
2024-11-03 20:14:17,428 [WARN] PackLoader:240 - Cannot read IP mode file for STMicroelectronics.X-CUBE-AZRTOS-H7.3.3.0
2024-11-03 20:14:17,449 [WARN] PackLoader:240 - Cannot read IP mode file for STMicroelectronics.X-CUBE-IPS.3.0.0
2024-11-03 20:14:17,478 [WARN] ConditionMgr:438 - getConditionDescription Invalid condition id : UX DEVICE CLASS RTOS Condition cause : null
2024-11-03 20:14:17,479 [WARN] ConditionMgr:438 - getConditionDescription Invalid condition id : UX DEVICE CLASS RTOS Condition cause : null
2024-11-03 20:14:17,480 [WARN] PackLoader:240 - Cannot read IP mode file for STMicroelectronics.X-CUBE-AZRTOS-WB.2.0.0
2024-11-03 20:14:17,480 [WARN] ConditionMgr:1039 - genDependencies : Invalid condition id : UX DEVICE CLASS RTOS Condition cause : null
2024-11-03 20:14:17,480 [WARN] ConditionMgr:1039 - genDependencies : Invalid condition id : UX DEVICE CLASS RTOS Condition cause : null
2024-11-03 20:14:17,481 [WARN] ConditionMgr:1039 - genDependencies : Invalid condition id : UX DEVICE CLASS RTOS Condition cause : null
2024-11-03 20:14:17,481 [WARN] ConditionMgr:1039 - genDependencies : Invalid condition id : UX DEVICE CLASS RTOS Condition cause : null
2024-11-03 20:14:17,481 [WARN] ConditionMgr:1039 - genDependencies : Invalid condition id : UX DEVICE CLASS RTOS Condition cause : null
2024-11-03 20:14:17,492 [WARN] PackLoader:240 - Cannot read IP mode file for STMicroelectronics.X-CUBE-GNSS1.7.0.0
2024-11-03 20:14:17,506 [WARN] PackLoader:240 - Cannot read IP mode file for STMicroelectronics.X-CUBE-SUBG2.5.0.0
2024-11-03 20:14:17,519 [WARN] PackLoader:240 - Cannot read IP mode file for Cesanta.I-CUBE-Mongoose.7.13.0
2024-11-03 20:14:17,537 [WARN] PackLoader:240 - Cannot read IP mode file for STMicroelectronics.X-CUBE-AZRTOS-G4.2.0.0
2024-11-03 20:14:17,547 [WARN] PackLoader:240 - Cannot read IP mode file for STMicroelectronics.X-CUBE-ISPU.2.0.0
2024-11-03 20:14:17,556 [WARN] PackLoader:240 - Cannot read IP mode file for STMicroelectronics.X-CUBE-ALS.1.0.2
2024-11-03 20:14:17,595 [WARN] PackLoader:240 - Cannot read IP mode file for STMicroelectronics.X-CUBE-MEMS1.10.0.0
2024-11-03 20:14:17,679 [WARN] PackLoader:240 - Cannot read IP mode file for STMicroelectronics.X-CUBE-TOUCHGFX.4.24.0
2024-11-03 20:14:17,688 [WARN] PackLoader:240 - Cannot read IP mode file for STMicroelectronics.X-CUBE-TOUCHGFX.4.24.1
2024-11-03 20:14:17,697 [WARN] PackLoader:240 - Cannot read IP mode file for wolfSSL.I-CUBE-wolfTPM.3.4.0
2024-11-03 20:14:17,707 [WARN] PackLoader:240 - Cannot read IP mode file for portGmbH.I-Cube-SoM-uGOAL.1.1.0
2024-11-03 20:14:17,728 [WARN] PackLoader:240 - Cannot read IP mode file for STMicroelectronics.X-CUBE-AZRTOS-H7RS.1.0.0
2024-11-03 20:14:17,738 [WARN] PackLoader:240 - Cannot read IP mode file for STMicroelectronics.FP-ATR-ASTRA1.2.0.0
2024-11-03 20:14:17,761 [WARN] PackLoader:240 - Cannot read IP mode file for Infineon.AIROC-Wi-Fi-Bluetooth-STM32.1.6.1
2024-11-03 20:14:17,774 [WARN] PackLoader:240 - Cannot read IP mode file for wolfSSL.I-CUBE-wolfSSH.1.4.17
2024-11-03 20:14:17,774 [INFO] ThirdParty:978 - Integrity check success = true
2024-11-03 20:14:17,774 [INFO] IntegrityCheckThread:100 - exiting critical section [integrity check]
2024-11-03 20:14:17,774 [INFO] IntegrityCheckThread:103 - End integrity checks thread
2024-11-03 20:14:18,265 [INFO] WebApp:167 - Instantiating new browser for Auth
2024-11-03 20:14:18,849 [INFO] WebApp:448 - Apply proxy settings
2024-11-03 20:14:18,849 [INFO] WebApp:533 - Chromium requires no authentication
2024-11-03 20:14:18,855 [INFO] WebApp:476 - Direct internet connection detected
2024-11-03 20:14:18,875 [INFO] WebApp:869 - Register for checkConnection events
2024-11-03 20:14:18,875 [INFO] WebApp:448 - Apply proxy settings
2024-11-03 20:14:18,875 [INFO] WebApp:533 - Chromium requires no authentication
2024-11-03 20:14:18,875 [INFO] WebApp:476 - Direct internet connection detected
2024-11-03 20:14:19,002 [INFO] WebApp:220 - Starting web application
2024-11-03 20:14:19,002 [INFO] WebApp:578 - Web application path used C:\ST\STM32CubeIDE_1.16.0\STM32CubeIDE\plugins\com.st.stm32cube.common.mx_6.12.1.202409122256\db\plugins\mcufinder\reactClient1\index.html
2024-11-03 20:14:19,138 [INFO] UserAuth:417 - Internet connection configuration mode: 1
2024-11-03 20:14:19,433 [INFO] WebApp:186 - Connection restablished
